<?xml version="1.0" encoding="UTF-8"?>
<testng-results skipped="0" failed="1" total="1" passed="0">
  <reporter-output>
    <line>
      <![CDATA[About to begin executing Suite ListenerRun]]>
    </line>
    <line>
      <![CDATA[About to begin executing Test Test2]]>
    </line>
    <line>
      <![CDATA[About to begin executing following method : BaseClass.Setup]]>
    </line>
    <line>
      <![CDATA[Completed executing following method : BaseClass.Setup]]>
    </line>
    <line>
      <![CDATA[About to begin executing following method : BaseClass.beforeMethod]]>
    </line>
    <line>
      <![CDATA[Completed executing following method : BaseClass.beforeMethod]]>
    </line>
    <line>
      <![CDATA[About to begin executing following method : Test_Login.Verify_Successful_Login]]>
    </line>
    <line>
      <![CDATA[Completed executing following method : Test_Login.Verify_Successful_Login]]>
    </line>
    <line>
      <![CDATA[<a href='/home/rakesh/Sample_Project/src/target/Screenshots/failure_screenshots/Verify_Successful_Login_30_10_2017_01_44_59.png'><img src='/home/rakesh/Sample_Project/src/target/Screenshots/failure_screenshots/Verify_Successful_Login_30_10_2017_01_44_59.png'height='100' width='100'/> </a>]]>
    </line>
    <line>
      <![CDATA[About to begin executing following method : BaseClass.getResult]]>
    </line>
    <line>
      <![CDATA[Completed executing following method : BaseClass.getResult]]>
    </line>
    <line>
      <![CDATA[About to begin executing following method : BaseClass.endTest]]>
    </line>
    <line>
      <![CDATA[Completed executing following method : BaseClass.endTest]]>
    </line>
  </reporter-output>
  <suite name="ListenerRun" duration-ms="12509" started-at="2017-10-30T08:14:47Z" finished-at="2017-10-30T08:15:00Z">
    <groups>
    </groups>
    <test name="Test2" duration-ms="12509" started-at="2017-10-30T08:14:47Z" finished-at="2017-10-30T08:15:00Z">
      <class name="com.java.test.Test_Login">
        <test-method status="PASS" signature="Setup()[pri:0, instance:com.java.test.Test_Login@517cd4b]" name="Setup" is-config="true" duration-ms="6924" started-at="2017-10-30T13:44:47Z" finished-at="2017-10-30T13:44:54Z">
          <reporter-output>
            <line>
              <![CDATA[Completed executing following method : BaseClass.Setup]]>
            </line>
          </reporter-output>
        </test-method> <!-- Setup -->
        <test-method status="PASS" signature="beforeMethod(java.lang.reflect.Method)[pri:0, instance:com.java.test.Test_Login@517cd4b]" name="beforeMethod" is-config="true" duration-ms="8" started-at="2017-10-30T13:44:54Z" finished-at="2017-10-30T13:44:54Z">
          <params>
            <param index="0">
              <value>
                <![CDATA[public void com.java.test.Test_Login.Verify_Successful_Login() throws java.lang.Exception]]>
              </value>
            </param>
          </params>
          <reporter-output>
            <line>
              <![CDATA[Completed executing following method : BaseClass.beforeMethod]]>
            </line>
          </reporter-output>
        </test-method> <!-- beforeMethod -->
        <test-method status="FAIL" signature="Verify_Successful_Login()[pri:0, instance:com.java.test.Test_Login@517cd4b]" name="Verify_Successful_Login" duration-ms="4395" started-at="2017-10-30T13:44:54Z" finished-at="2017-10-30T13:44:59Z">
          <exception class="java.lang.AssertionError">
            <message>
              <![CDATA[Page Title Not Matching expected [Site administration | jango site admin] but found [Site administration | Django site admin]]]>
            </message>
            <full-stacktrace>
              <![CDATA[java.lang.AssertionError: Page Title Not Matching expected [Site administration | jango site admin] but found [Site administration | Django site admin]
	at org.testng.Assert.fail(Assert.java:94)
	at org.testng.Assert.failNotEquals(Assert.java:496)
	at org.testng.Assert.assertEquals(Assert.java:125)
	at org.testng.Assert.assertEquals(Assert.java:178)
	at com.java.pages.LoginPage.Login(LoginPage.java:42)
	at com.java.test.Test_Login.Verify_Successful_Login(Test_Login.java:18)
	at sun.reflect.NativeMethodAccessorImpl.invoke0(Native Method)
	at sun.reflect.NativeMethodAccessorImpl.invoke(NativeMethodAccessorImpl.java:62)
	at sun.reflect.DelegatingMethodAccessorImpl.invoke(DelegatingMethodAccessorImpl.java:43)
	at java.lang.reflect.Method.invoke(Method.java:498)
	at org.testng.internal.MethodInvocationHelper.invokeMethod(MethodInvocationHelper.java:85)
	at org.testng.internal.Invoker.invokeMethod(Invoker.java:639)
	at org.testng.internal.Invoker.invokeTestMethod(Invoker.java:821)
	at org.testng.internal.Invoker.invokeTestMethods(Invoker.java:1131)
	at org.testng.internal.TestMethodWorker.invokeTestMethods(TestMethodWorker.java:124)
	at org.testng.internal.TestMethodWorker.run(TestMethodWorker.java:108)
	at org.testng.TestRunner.privateRun(TestRunner.java:773)
	at org.testng.TestRunner.run(TestRunner.java:623)
	at org.testng.SuiteRunner.runTest(SuiteRunner.java:357)
	at org.testng.SuiteRunner.runSequentially(SuiteRunner.java:352)
	at org.testng.SuiteRunner.privateRun(SuiteRunner.java:310)
	at org.testng.SuiteRunner.run(SuiteRunner.java:259)
	at org.testng.SuiteRunnerWorker.runSuite(SuiteRunnerWorker.java:52)
	at org.testng.SuiteRunnerWorker.run(SuiteRunnerWorker.java:86)
	at org.testng.TestNG.runSuitesSequentially(TestNG.java:1185)
	at org.testng.TestNG.runSuitesLocally(TestNG.java:1110)
	at org.testng.TestNG.run(TestNG.java:1018)
	at org.testng.IDEARemoteTestNG.run(IDEARemoteTestNG.java:74)
	at org.testng.RemoteTestNGStarter.main(RemoteTestNGStarter.java:124)
	at sun.reflect.NativeMethodAccessorImpl.invoke0(Native Method)
	at sun.reflect.NativeMethodAccessorImpl.invoke(NativeMethodAccessorImpl.java:62)
	at sun.reflect.DelegatingMethodAccessorImpl.invoke(DelegatingMethodAccessorImpl.java:43)
	at java.lang.reflect.Method.invoke(Method.java:498)
	at com.intellij.rt.execution.application.AppMain.main(AppMain.java:147)
]]>
            </full-stacktrace>
          </exception> <!-- java.lang.AssertionError -->
          <reporter-output>
            <line>
              <![CDATA[Completed executing following method : Test_Login.Verify_Successful_Login]]>
            </line>
            <line>
              <![CDATA[<a href='/home/rakesh/Sample_Project/src/target/Screenshots/failure_screenshots/Verify_Successful_Login_30_10_2017_01_44_59.png'><img src='/home/rakesh/Sample_Project/src/target/Screenshots/failure_screenshots/Verify_Successful_Login_30_10_2017_01_44_59.png'height='100' width='100'/> </a>]]>
            </line>
            <line>
              <![CDATA[About to begin executing following method : BaseClass.getResult]]>
            </line>
          </reporter-output>
        </test-method> <!-- Verify_Successful_Login -->
        <test-method status="PASS" signature="getResult(org.testng.ITestResult)[pri:0, instance:com.java.test.Test_Login@517cd4b]" name="getResult" is-config="true" duration-ms="176" started-at="2017-10-30T13:44:59Z" finished-at="2017-10-30T13:44:59Z">
          <params>
            <param index="0">
              <value>
                <![CDATA[[TestResult name=Verify_Successful_Login status=FAILURE method=Test_Login.Verify_Successful_Login()[pri:0, instance:com.java.test.Test_Login@517cd4b] output=Completed executing following method : Test_Login.Verify_Successful_Login]]]>
              </value>
            </param>
          </params>
          <reporter-output>
            <line>
              <![CDATA[Completed executing following method : BaseClass.getResult]]>
            </line>
          </reporter-output>
        </test-method> <!-- getResult -->
        <test-method status="PASS" signature="endTest()[pri:0, instance:com.java.test.Test_Login@517cd4b]" name="endTest" is-config="true" duration-ms="739" started-at="2017-10-30T13:44:59Z" finished-at="2017-10-30T13:45:00Z">
          <reporter-output>
            <line>
              <![CDATA[Completed executing following method : BaseClass.endTest]]>
            </line>
          </reporter-output>
        </test-method> <!-- endTest -->
      </class> <!-- com.java.test.Test_Login -->
    </test> <!-- Test2 -->
  </suite> <!-- ListenerRun -->
</testng-results>
